<?xml version="1.0" encoding="UTF-8"?>
<testng-results ignored="11" total="17" passed="5" failed="1" skipped="0">
  <reporter-output>
  </reporter-output>
  <suite started-at="2022-03-24T16:54:06 IST" name="Suite" finished-at="2022-03-24T16:55:55 IST" duration-ms="109408">
    <groups>
      <group name="Sanity">
        <method signature="LoginPageTest.loginTest(java.lang.String,java.lang.String)[pri:0, instance:com.mystore.testcases.LoginPageTest@4659191b]" name="loginTest" class="com.mystore.testcases.LoginPageTest"/>
      </group> <!-- Sanity -->
      <group name="Smoke">
        <method signature="HomepageTest.orderHisstoryandDetailsTest()[pri:0, instance:com.mystore.testcases.HomepageTest@13fd2ccd]" name="orderHisstoryandDetailsTest" class="com.mystore.testcases.HomepageTest"/>
        <method signature="HomepageTest.wishListTest()[pri:0, instance:com.mystore.testcases.HomepageTest@13fd2ccd]" name="wishListTest" class="com.mystore.testcases.HomepageTest"/>
        <method signature="IndexPageTest.verifyLogo()[pri:0, instance:com.mystore.testcases.IndexPageTest@48aca48b]" name="verifyLogo" class="com.mystore.testcases.IndexPageTest"/>
        <method signature="IndexPageTest.verifyTitle()[pri:0, instance:com.mystore.testcases.IndexPageTest@48aca48b]" name="verifyTitle" class="com.mystore.testcases.IndexPageTest"/>
        <method signature="LoginPageTest.loginTest(java.lang.String,java.lang.String)[pri:0, instance:com.mystore.testcases.LoginPageTest@4659191b]" name="loginTest" class="com.mystore.testcases.LoginPageTest"/>
        <method signature="SearchresultPageTest.productAvailabilityTest()[pri:0, instance:com.mystore.testcases.SearchresultPageTest@54e1c68b]" name="productAvailabilityTest" class="com.mystore.testcases.SearchresultPageTest"/>
      </group> <!-- Smoke -->
    </groups>
    <test started-at="2022-03-24T16:54:06 IST" name="Smoke" finished-at="2022-03-24T16:55:55 IST" duration-ms="109408">
      <class name="com.mystore.testcases.SearchresultPageTest">
        <test-method is-config="true" signature="setup(java.lang.String)[pri:0, instance:com.mystore.testcases.SearchresultPageTest@54e1c68b]" started-at="2022-03-24T16:55:37 IST" name="setup" finished-at="2022-03-24T16:55:47 IST" duration-ms="9875" status="PASS">
          <params>
            <param index="0">
              <value>
                <![CDATA[chrome]]>
              </value>
            </param>
          </params>
          <reporter-output>
          </reporter-output>
        </test-method> <!-- setup -->
        <test-method signature="productAvailabilityTest()[pri:0, instance:com.mystore.testcases.SearchresultPageTest@54e1c68b]" started-at="2022-03-24T16:55:47 IST" name="productAvailabilityTest" finished-at="2022-03-24T16:55:55 IST" duration-ms="8713" status="PASS">
          <reporter-output>
          </reporter-output>
        </test-method> <!-- productAvailabilityTest -->
        <test-method is-config="true" signature="tearDown()[pri:0, instance:com.mystore.testcases.SearchresultPageTest@54e1c68b]" started-at="2022-03-24T16:55:55 IST" name="tearDown" finished-at="2022-03-24T16:55:55 IST" duration-ms="208" status="PASS">
          <reporter-output>
          </reporter-output>
        </test-method> <!-- tearDown -->
      </class> <!-- com.mystore.testcases.SearchresultPageTest -->
      <class name="com.mystore.testcases.HomepageTest">
        <test-method is-config="true" signature="setup(java.lang.String)[pri:0, instance:com.mystore.testcases.HomepageTest@13fd2ccd]" started-at="2022-03-24T16:54:54 IST" name="setup" finished-at="2022-03-24T16:55:06 IST" duration-ms="12378" status="PASS">
          <params>
            <param index="0">
              <value>
                <![CDATA[chrome]]>
              </value>
            </param>
          </params>
          <reporter-output>
          </reporter-output>
        </test-method> <!-- setup -->
        <test-method signature="orderHisstoryandDetailsTest()[pri:0, instance:com.mystore.testcases.HomepageTest@13fd2ccd]" started-at="2022-03-24T16:55:06 IST" name="orderHisstoryandDetailsTest" finished-at="2022-03-24T16:55:15 IST" duration-ms="9429" status="PASS">
          <reporter-output>
          </reporter-output>
        </test-method> <!-- orderHisstoryandDetailsTest -->
        <test-method is-config="true" signature="tearDown()[pri:0, instance:com.mystore.testcases.HomepageTest@13fd2ccd]" started-at="2022-03-24T16:55:15 IST" name="tearDown" finished-at="2022-03-24T16:55:16 IST" duration-ms="215" status="PASS">
          <reporter-output>
          </reporter-output>
        </test-method> <!-- tearDown -->
        <test-method is-config="true" signature="setup(java.lang.String)[pri:0, instance:com.mystore.testcases.HomepageTest@13fd2ccd]" started-at="2022-03-24T16:55:16 IST" name="setup" finished-at="2022-03-24T16:55:26 IST" duration-ms="10180" status="PASS">
          <params>
            <param index="0">
              <value>
                <![CDATA[chrome]]>
              </value>
            </param>
          </params>
          <reporter-output>
          </reporter-output>
        </test-method> <!-- setup -->
        <test-method signature="wishListTest()[pri:0, instance:com.mystore.testcases.HomepageTest@13fd2ccd]" started-at="2022-03-24T16:55:26 IST" name="wishListTest" finished-at="2022-03-24T16:55:36 IST" duration-ms="10619" status="PASS">
          <reporter-output>
          </reporter-output>
        </test-method> <!-- wishListTest -->
        <test-method is-config="true" signature="tearDown()[pri:0, instance:com.mystore.testcases.HomepageTest@13fd2ccd]" started-at="2022-03-24T16:55:36 IST" name="tearDown" finished-at="2022-03-24T16:55:37 IST" duration-ms="201" status="PASS">
          <reporter-output>
          </reporter-output>
        </test-method> <!-- tearDown -->
      </class> <!-- com.mystore.testcases.HomepageTest -->
      <class name="com.mystore.testcases.IndexPageTest">
        <test-method is-config="true" signature="setup(java.lang.String)[pri:0, instance:com.mystore.testcases.IndexPageTest@48aca48b]" started-at="2022-03-24T16:54:31 IST" name="setup" finished-at="2022-03-24T16:54:42 IST" duration-ms="11000" status="PASS">
          <params>
            <param index="0">
              <value>
                <![CDATA[chrome]]>
              </value>
            </param>
          </params>
          <reporter-output>
          </reporter-output>
        </test-method> <!-- setup -->
        <test-method signature="verifyLogo()[pri:0, instance:com.mystore.testcases.IndexPageTest@48aca48b]" started-at="2022-03-24T16:54:42 IST" name="verifyLogo" finished-at="2022-03-24T16:54:42 IST" duration-ms="88" status="PASS">
          <reporter-output>
          </reporter-output>
        </test-method> <!-- verifyLogo -->
        <test-method is-config="true" signature="tearDown()[pri:0, instance:com.mystore.testcases.IndexPageTest@48aca48b]" started-at="2022-03-24T16:54:42 IST" name="tearDown" finished-at="2022-03-24T16:54:42 IST" duration-ms="207" status="PASS">
          <reporter-output>
          </reporter-output>
        </test-method> <!-- tearDown -->
        <test-method is-config="true" signature="setup(java.lang.String)[pri:0, instance:com.mystore.testcases.IndexPageTest@48aca48b]" started-at="2022-03-24T16:54:42 IST" name="setup" finished-at="2022-03-24T16:54:53 IST" duration-ms="10962" status="PASS">
          <params>
            <param index="0">
              <value>
                <![CDATA[chrome]]>
              </value>
            </param>
          </params>
          <reporter-output>
          </reporter-output>
        </test-method> <!-- setup -->
        <test-method signature="verifyTitle()[pri:0, instance:com.mystore.testcases.IndexPageTest@48aca48b]" started-at="2022-03-24T16:54:53 IST" name="verifyTitle" finished-at="2022-03-24T16:54:53 IST" duration-ms="13" status="FAIL">
          <exception class="java.lang.AssertionError">
            <message>
              <![CDATA[expected [My Store1] but found [My Store]]]>
            </message>
            <full-stacktrace>
              <![CDATA[java.lang.AssertionError: expected [My Store1] but found [My Store]
at org.testng.Assert.fail(Assert.java:99)
at org.testng.Assert.failNotEquals(Assert.java:1037)
at org.testng.Assert.assertEqualsImpl(Assert.java:140)
at org.testng.Assert.assertEquals(Assert.java:122)
at org.testng.Assert.assertEquals(Assert.java:629)
at org.testng.Assert.assertEquals(Assert.java:639)
at com.mystore.testcases.IndexPageTest.verifyTitle(IndexPageTest.java:41)
at java.base/jdk.internal.reflect.NativeMethodAccessorImpl.invoke0(Native Method)
at java.base/jdk.internal.reflect.NativeMethodAccessorImpl.invoke(NativeMethodAccessorImpl.java:77)
at java.base/jdk.internal.reflect.DelegatingMethodAccessorImpl.invoke(DelegatingMethodAccessorImpl.java:43)
at java.base/java.lang.reflect.Method.invoke(Method.java:568)
at org.testng.internal.MethodInvocationHelper.invokeMethod(MethodInvocationHelper.java:133)
at org.testng.internal.TestInvoker.invokeMethod(TestInvoker.java:598)
at org.testng.internal.TestInvoker.invokeTestMethod(TestInvoker.java:173)
at org.testng.internal.MethodRunner.runInSequence(MethodRunner.java:46)
at org.testng.internal.TestInvoker$MethodInvocationAgent.invoke(TestInvoker.java:824)
at org.testng.internal.TestInvoker.invokeTestMethods(TestInvoker.java:146)
at org.testng.internal.TestMethodWorker.invokeTestMethods(TestMethodWorker.java:146)
at org.testng.internal.TestMethodWorker.run(TestMethodWorker.java:128)
at java.base/java.util.ArrayList.forEach(ArrayList.java:1511)
at org.testng.TestRunner.privateRun(TestRunner.java:794)
at org.testng.TestRunner.run(TestRunner.java:596)
at org.testng.SuiteRunner.runTest(SuiteRunner.java:377)
at org.testng.SuiteRunner.runSequentially(SuiteRunner.java:371)
at org.testng.SuiteRunner.privateRun(SuiteRunner.java:332)
at org.testng.SuiteRunner.run(SuiteRunner.java:276)
at org.testng.SuiteRunnerWorker.runSuite(SuiteRunnerWorker.java:53)
at org.testng.SuiteRunnerWorker.run(SuiteRunnerWorker.java:96)
at org.testng.TestNG.runSuitesSequentially(TestNG.java:1212)
at org.testng.TestNG.runSuitesLocally(TestNG.java:1134)
at org.testng.TestNG.runSuites(TestNG.java:1063)
at org.testng.TestNG.run(TestNG.java:1031)
at org.testng.remote.AbstractRemoteTestNG.run(AbstractRemoteTestNG.java:115)
at org.testng.remote.RemoteTestNG.initAndRun(RemoteTestNG.java:251)
at org.testng.remote.RemoteTestNG.main(RemoteTestNG.java:77)
]]>
            </full-stacktrace>
          </exception> <!-- java.lang.AssertionError -->
          <reporter-output>
          </reporter-output>
        </test-method> <!-- verifyTitle -->
        <test-method is-config="true" signature="tearDown()[pri:0, instance:com.mystore.testcases.IndexPageTest@48aca48b]" started-at="2022-03-24T16:54:53 IST" name="tearDown" finished-at="2022-03-24T16:54:54 IST" duration-ms="202" status="PASS">
          <reporter-output>
          </reporter-output>
        </test-method> <!-- tearDown -->
      </class> <!-- com.mystore.testcases.IndexPageTest -->
      <class name="com.mystore.testcases.LoginPageTest">
        <test-method is-config="true" signature="loadConfig()[pri:0, instance:com.mystore.testcases.LoginPageTest@4659191b]" started-at="2022-03-24T16:54:06 IST" name="loadConfig" finished-at="2022-03-24T16:54:06 IST" duration-ms="300" status="PASS">
          <reporter-output>
          </reporter-output>
        </test-method> <!-- loadConfig -->
        <test-method is-config="true" signature="setup(java.lang.String)[pri:0, instance:com.mystore.testcases.LoginPageTest@4659191b]" started-at="2022-03-24T16:54:07 IST" name="setup" finished-at="2022-03-24T16:54:20 IST" duration-ms="12585" status="PASS">
          <params>
            <param index="0">
              <value>
                <![CDATA[chrome]]>
              </value>
            </param>
          </params>
          <reporter-output>
          </reporter-output>
        </test-method> <!-- setup -->
        <test-method signature="loginTest(java.lang.String,java.lang.String)[pri:0, instance:com.mystore.testcases.LoginPageTest@4659191b]" started-at="2022-03-24T16:54:20 IST" name="loginTest" data-provider="Credentials" finished-at="2022-03-24T16:54:31 IST" duration-ms="11351" status="PASS">
          <params>
            <param index="0">
              <value>
                <![CDATA[admin@xyz.com]]>
              </value>
            </param>
            <param index="1">
              <value>
                <![CDATA[admin@123]]>
              </value>
            </param>
          </params>
          <reporter-output>
          </reporter-output>
        </test-method> <!-- loginTest -->
        <test-method is-config="true" signature="tearDown()[pri:0, instance:com.mystore.testcases.LoginPageTest@4659191b]" started-at="2022-03-24T16:54:31 IST" name="tearDown" finished-at="2022-03-24T16:54:31 IST" duration-ms="232" status="PASS">
          <reporter-output>
          </reporter-output>
        </test-method> <!-- tearDown -->
      </class> <!-- com.mystore.testcases.LoginPageTest -->
    </test> <!-- Smoke -->
  </suite> <!-- Suite -->
</testng-results>
