<?xml version="1.0" encoding="UTF-8"?>
<testng-results ignored="14" total="24" passed="10" failed="0" skipped="0">
  <reporter-output>
  </reporter-output>
  <suite started-at="2022-03-28T09:47:51 IST" name="Suite" finished-at="2022-03-28T09:51:53 IST" duration-ms="241805">
    <groups>
      <group name="Sanity">
        <method signature="AccountCreationPageTest.verifyCreateAccountPageTest()[pri:0, instance:com.mystore.testcases.AccountCreationPageTest@6392827e]" name="verifyCreateAccountPageTest" class="com.mystore.testcases.AccountCreationPageTest"/>
        <method signature="AddToCartPageTest.addToCartTest()[pri:0, instance:com.mystore.testcases.AddToCartPageTest@5d0a1059]" name="addToCartTest" class="com.mystore.testcases.AddToCartPageTest"/>
        <method signature="LoginPageTest.loginTest(java.lang.String,java.lang.String)[pri:0, instance:com.mystore.testcases.LoginPageTest@74751b3]" name="loginTest" class="com.mystore.testcases.LoginPageTest"/>
      </group> <!-- Sanity -->
      <group name="Regression">
        <method signature="AddToCartPageTest.addToCartTest()[pri:0, instance:com.mystore.testcases.AddToCartPageTest@5d0a1059]" name="addToCartTest" class="com.mystore.testcases.AddToCartPageTest"/>
        <method signature="EndToEndTest.endToEndTest()[pri:0, instance:com.mystore.testcases.EndToEndTest@1b2abca6]" name="endToEndTest" class="com.mystore.testcases.EndToEndTest"/>
        <method signature="OrderPageTest.verifyTotalPrice()[pri:0, instance:com.mystore.testcases.OrderPageTest@c88a337]" name="verifyTotalPrice" class="com.mystore.testcases.OrderPageTest"/>
      </group> <!-- Regression -->
      <group name="Smoke">
        <method signature="HomepageTest.orderHisstoryandDetailsTest()[pri:0, instance:com.mystore.testcases.HomepageTest@d5b810e]" name="orderHisstoryandDetailsTest" class="com.mystore.testcases.HomepageTest"/>
        <method signature="HomepageTest.wishListTest()[pri:0, instance:com.mystore.testcases.HomepageTest@d5b810e]" name="wishListTest" class="com.mystore.testcases.HomepageTest"/>
        <method signature="IndexPageTest.verifyLogo()[pri:0, instance:com.mystore.testcases.IndexPageTest@2ed2d9cb]" name="verifyLogo" class="com.mystore.testcases.IndexPageTest"/>
        <method signature="IndexPageTest.verifyTitle()[pri:0, instance:com.mystore.testcases.IndexPageTest@2ed2d9cb]" name="verifyTitle" class="com.mystore.testcases.IndexPageTest"/>
        <method signature="LoginPageTest.loginTest(java.lang.String,java.lang.String)[pri:0, instance:com.mystore.testcases.LoginPageTest@74751b3]" name="loginTest" class="com.mystore.testcases.LoginPageTest"/>
        <method signature="SearchresultPageTest.productAvailabilityTest()[pri:0, instance:com.mystore.testcases.SearchresultPageTest@485966cc]" name="productAvailabilityTest" class="com.mystore.testcases.SearchresultPageTest"/>
      </group> <!-- Smoke -->
    </groups>
    <test started-at="2022-03-28T09:47:51 IST" name="Test" finished-at="2022-03-28T09:51:53 IST" duration-ms="241805">
      <class name="com.mystore.testcases.AccountCreationPageTest">
        <test-method is-config="true" signature="setup(java.lang.String)[pri:0, instance:com.mystore.testcases.AccountCreationPageTest@6392827e]" started-at="2022-03-28T09:49:21 IST" name="setup" finished-at="2022-03-28T09:49:31 IST" duration-ms="10005" status="PASS">
          <params>
            <param index="0">
              <value>
                <![CDATA[chrome]]>
              </value>
            </param>
          </params>
          <reporter-output>
          </reporter-output>
        </test-method> <!-- setup -->
        <test-method signature="verifyCreateAccountPageTest()[pri:0, instance:com.mystore.testcases.AccountCreationPageTest@6392827e]" started-at="2022-03-28T09:49:31 IST" name="verifyCreateAccountPageTest" finished-at="2022-03-28T09:49:36 IST" duration-ms="5350" status="PASS">
          <reporter-output>
          </reporter-output>
        </test-method> <!-- verifyCreateAccountPageTest -->
        <test-method is-config="true" signature="tearDown()[pri:0, instance:com.mystore.testcases.AccountCreationPageTest@6392827e]" started-at="2022-03-28T09:49:36 IST" name="tearDown" finished-at="2022-03-28T09:49:36 IST" duration-ms="293" status="PASS">
          <reporter-output>
          </reporter-output>
        </test-method> <!-- tearDown -->
      </class> <!-- com.mystore.testcases.AccountCreationPageTest -->
      <class name="com.mystore.testcases.SearchresultPageTest">
        <test-method is-config="true" signature="setup(java.lang.String)[pri:0, instance:com.mystore.testcases.SearchresultPageTest@485966cc]" started-at="2022-03-28T09:51:37 IST" name="setup" finished-at="2022-03-28T09:51:47 IST" duration-ms="10287" status="PASS">
          <params>
            <param index="0">
              <value>
                <![CDATA[chrome]]>
              </value>
            </param>
          </params>
          <reporter-output>
          </reporter-output>
        </test-method> <!-- setup -->
        <test-method signature="productAvailabilityTest()[pri:0, instance:com.mystore.testcases.SearchresultPageTest@485966cc]" started-at="2022-03-28T09:51:47 IST" name="productAvailabilityTest" finished-at="2022-03-28T09:51:53 IST" duration-ms="5522" status="PASS">
          <reporter-output>
          </reporter-output>
        </test-method> <!-- productAvailabilityTest -->
        <test-method is-config="true" signature="tearDown()[pri:0, instance:com.mystore.testcases.SearchresultPageTest@485966cc]" started-at="2022-03-28T09:51:53 IST" name="tearDown" finished-at="2022-03-28T09:51:53 IST" duration-ms="249" status="PASS">
          <reporter-output>
          </reporter-output>
        </test-method> <!-- tearDown -->
      </class> <!-- com.mystore.testcases.SearchresultPageTest -->
      <class name="com.mystore.testcases.EndToEndTest">
        <test-method is-config="true" signature="setup(java.lang.String)[pri:0, instance:com.mystore.testcases.EndToEndTest@1b2abca6]" started-at="2022-03-28T09:48:12 IST" name="setup" finished-at="2022-03-28T09:48:22 IST" duration-ms="10443" status="PASS">
          <params>
            <param index="0">
              <value>
                <![CDATA[chrome]]>
              </value>
            </param>
          </params>
          <reporter-output>
          </reporter-output>
        </test-method> <!-- setup -->
        <test-method signature="endToEndTest()[pri:0, instance:com.mystore.testcases.EndToEndTest@1b2abca6]" started-at="2022-03-28T09:48:22 IST" name="endToEndTest" finished-at="2022-03-28T09:49:20 IST" duration-ms="57988" status="PASS">
          <reporter-output>
          </reporter-output>
        </test-method> <!-- endToEndTest -->
        <test-method is-config="true" signature="tearDown()[pri:0, instance:com.mystore.testcases.EndToEndTest@1b2abca6]" started-at="2022-03-28T09:49:20 IST" name="tearDown" finished-at="2022-03-28T09:49:21 IST" duration-ms="359" status="PASS">
          <reporter-output>
          </reporter-output>
        </test-method> <!-- tearDown -->
      </class> <!-- com.mystore.testcases.EndToEndTest -->
      <class name="com.mystore.testcases.HomepageTest">
        <test-method is-config="true" signature="setup(java.lang.String)[pri:0, instance:com.mystore.testcases.HomepageTest@d5b810e]" started-at="2022-03-28T09:49:57 IST" name="setup" finished-at="2022-03-28T09:50:10 IST" duration-ms="13490" status="PASS">
          <params>
            <param index="0">
              <value>
                <![CDATA[chrome]]>
              </value>
            </param>
          </params>
          <reporter-output>
          </reporter-output>
        </test-method> <!-- setup -->
        <test-method signature="orderHisstoryandDetailsTest()[pri:0, instance:com.mystore.testcases.HomepageTest@d5b810e]" started-at="2022-03-28T09:50:10 IST" name="orderHisstoryandDetailsTest" finished-at="2022-03-28T09:50:21 IST" duration-ms="10141" status="PASS">
          <reporter-output>
          </reporter-output>
        </test-method> <!-- orderHisstoryandDetailsTest -->
        <test-method is-config="true" signature="tearDown()[pri:0, instance:com.mystore.testcases.HomepageTest@d5b810e]" started-at="2022-03-28T09:50:21 IST" name="tearDown" finished-at="2022-03-28T09:50:21 IST" duration-ms="237" status="PASS">
          <reporter-output>
          </reporter-output>
        </test-method> <!-- tearDown -->
        <test-method is-config="true" signature="setup(java.lang.String)[pri:0, instance:com.mystore.testcases.HomepageTest@d5b810e]" started-at="2022-03-28T09:50:21 IST" name="setup" finished-at="2022-03-28T09:50:31 IST" duration-ms="10447" status="PASS">
          <params>
            <param index="0">
              <value>
                <![CDATA[chrome]]>
              </value>
            </param>
          </params>
          <reporter-output>
          </reporter-output>
        </test-method> <!-- setup -->
        <test-method signature="wishListTest()[pri:0, instance:com.mystore.testcases.HomepageTest@d5b810e]" started-at="2022-03-28T09:50:31 IST" name="wishListTest" finished-at="2022-03-28T09:50:40 IST" duration-ms="8548" status="PASS">
          <reporter-output>
          </reporter-output>
        </test-method> <!-- wishListTest -->
        <test-method is-config="true" signature="tearDown()[pri:0, instance:com.mystore.testcases.HomepageTest@d5b810e]" started-at="2022-03-28T09:50:40 IST" name="tearDown" finished-at="2022-03-28T09:50:40 IST" duration-ms="241" status="PASS">
          <reporter-output>
          </reporter-output>
        </test-method> <!-- tearDown -->
      </class> <!-- com.mystore.testcases.HomepageTest -->
      <class name="com.mystore.testcases.AddToCartPageTest">
        <test-method is-config="true" signature="setup(java.lang.String)[pri:0, instance:com.mystore.testcases.AddToCartPageTest@5d0a1059]" started-at="2022-03-28T09:51:09 IST" name="setup" finished-at="2022-03-28T09:51:22 IST" duration-ms="13245" status="PASS">
          <params>
            <param index="0">
              <value>
                <![CDATA[chrome]]>
              </value>
            </param>
          </params>
          <reporter-output>
          </reporter-output>
        </test-method> <!-- setup -->
        <test-method signature="addToCartTest()[pri:0, instance:com.mystore.testcases.AddToCartPageTest@5d0a1059]" started-at="2022-03-28T09:51:22 IST" name="addToCartTest" finished-at="2022-03-28T09:51:37 IST" duration-ms="14806" status="PASS">
          <reporter-output>
          </reporter-output>
        </test-method> <!-- addToCartTest -->
        <test-method is-config="true" signature="tearDown()[pri:0, instance:com.mystore.testcases.AddToCartPageTest@5d0a1059]" started-at="2022-03-28T09:51:37 IST" name="tearDown" finished-at="2022-03-28T09:51:37 IST" duration-ms="298" status="PASS">
          <reporter-output>
          </reporter-output>
        </test-method> <!-- tearDown -->
      </class> <!-- com.mystore.testcases.AddToCartPageTest -->
      <class name="com.mystore.testcases.IndexPageTest">
        <test-method is-config="true" signature="setup(java.lang.String)[pri:0, instance:com.mystore.testcases.IndexPageTest@2ed2d9cb]" started-at="2022-03-28T09:49:36 IST" name="setup" finished-at="2022-03-28T09:49:46 IST" duration-ms="10030" status="PASS">
          <params>
            <param index="0">
              <value>
                <![CDATA[chrome]]>
              </value>
            </param>
          </params>
          <reporter-output>
          </reporter-output>
        </test-method> <!-- setup -->
        <test-method signature="verifyLogo()[pri:0, instance:com.mystore.testcases.IndexPageTest@2ed2d9cb]" started-at="2022-03-28T09:49:46 IST" name="verifyLogo" finished-at="2022-03-28T09:49:46 IST" duration-ms="78" status="PASS">
          <reporter-output>
          </reporter-output>
        </test-method> <!-- verifyLogo -->
        <test-method is-config="true" signature="tearDown()[pri:0, instance:com.mystore.testcases.IndexPageTest@2ed2d9cb]" started-at="2022-03-28T09:49:46 IST" name="tearDown" finished-at="2022-03-28T09:49:47 IST" duration-ms="220" status="PASS">
          <reporter-output>
          </reporter-output>
        </test-method> <!-- tearDown -->
        <test-method is-config="true" signature="setup(java.lang.String)[pri:0, instance:com.mystore.testcases.IndexPageTest@2ed2d9cb]" started-at="2022-03-28T09:49:47 IST" name="setup" finished-at="2022-03-28T09:49:57 IST" duration-ms="9960" status="PASS">
          <params>
            <param index="0">
              <value>
                <![CDATA[chrome]]>
              </value>
            </param>
          </params>
          <reporter-output>
          </reporter-output>
        </test-method> <!-- setup -->
        <test-method signature="verifyTitle()[pri:0, instance:com.mystore.testcases.IndexPageTest@2ed2d9cb]" started-at="2022-03-28T09:49:57 IST" name="verifyTitle" finished-at="2022-03-28T09:49:57 IST" duration-ms="10" status="PASS">
          <reporter-output>
          </reporter-output>
        </test-method> <!-- verifyTitle -->
        <test-method is-config="true" signature="tearDown()[pri:0, instance:com.mystore.testcases.IndexPageTest@2ed2d9cb]" started-at="2022-03-28T09:49:57 IST" name="tearDown" finished-at="2022-03-28T09:49:57 IST" duration-ms="266" status="PASS">
          <reporter-output>
          </reporter-output>
        </test-method> <!-- tearDown -->
      </class> <!-- com.mystore.testcases.IndexPageTest -->
      <class name="com.mystore.testcases.OrderPageTest">
        <test-method is-config="true" signature="setup(java.lang.String)[pri:0, instance:com.mystore.testcases.OrderPageTest@c88a337]" started-at="2022-03-28T09:50:40 IST" name="setup" finished-at="2022-03-28T09:50:50 IST" duration-ms="10092" status="PASS">
          <params>
            <param index="0">
              <value>
                <![CDATA[chrome]]>
              </value>
            </param>
          </params>
          <reporter-output>
          </reporter-output>
        </test-method> <!-- setup -->
        <test-method signature="verifyTotalPrice()[pri:0, instance:com.mystore.testcases.OrderPageTest@c88a337]" started-at="2022-03-28T09:50:50 IST" name="verifyTotalPrice" finished-at="2022-03-28T09:51:08 IST" duration-ms="18187" status="PASS">
          <reporter-output>
          </reporter-output>
        </test-method> <!-- verifyTotalPrice -->
        <test-method is-config="true" signature="tearDown()[pri:0, instance:com.mystore.testcases.OrderPageTest@c88a337]" started-at="2022-03-28T09:51:08 IST" name="tearDown" finished-at="2022-03-28T09:51:09 IST" duration-ms="249" status="PASS">
          <reporter-output>
          </reporter-output>
        </test-method> <!-- tearDown -->
      </class> <!-- com.mystore.testcases.OrderPageTest -->
      <class name="com.mystore.testcases.LoginPageTest">
        <test-method is-config="true" signature="loadConfig()[pri:0, instance:com.mystore.testcases.LoginPageTest@74751b3]" started-at="2022-03-28T09:47:51 IST" name="loadConfig" finished-at="2022-03-28T09:47:51 IST" duration-ms="341" status="PASS">
          <reporter-output>
          </reporter-output>
        </test-method> <!-- loadConfig -->
        <test-method is-config="true" signature="setup(java.lang.String)[pri:0, instance:com.mystore.testcases.LoginPageTest@74751b3]" started-at="2022-03-28T09:47:52 IST" name="setup" finished-at="2022-03-28T09:48:05 IST" duration-ms="12712" status="PASS">
          <params>
            <param index="0">
              <value>
                <![CDATA[chrome]]>
              </value>
            </param>
          </params>
          <reporter-output>
          </reporter-output>
        </test-method> <!-- setup -->
        <test-method signature="loginTest(java.lang.String,java.lang.String)[pri:0, instance:com.mystore.testcases.LoginPageTest@74751b3]" started-at="2022-03-28T09:48:05 IST" name="loginTest" data-provider="Credentials" finished-at="2022-03-28T09:48:12 IST" duration-ms="6590" status="PASS">
          <params>
            <param index="0">
              <value>
                <![CDATA[admin@xyz.com]]>
              </value>
            </param>
            <param index="1">
              <value>
                <![CDATA[admin@123]]>
              </value>
            </param>
          </params>
          <reporter-output>
          </reporter-output>
        </test-method> <!-- loginTest -->
        <test-method is-config="true" signature="tearDown()[pri:0, instance:com.mystore.testcases.LoginPageTest@74751b3]" started-at="2022-03-28T09:48:12 IST" name="tearDown" finished-at="2022-03-28T09:48:12 IST" duration-ms="237" status="PASS">
          <reporter-output>
          </reporter-output>
        </test-method> <!-- tearDown -->
        <test-method is-config="true" signature="afterSuite()[pri:0, instance:com.mystore.testcases.LoginPageTest@74751b3]" started-at="2022-03-28T09:51:53 IST" name="afterSuite" finished-at="2022-03-28T09:51:53 IST" duration-ms="411" status="PASS">
          <reporter-output>
          </reporter-output>
        </test-method> <!-- afterSuite -->
      </class> <!-- com.mystore.testcases.LoginPageTest -->
    </test> <!-- Test -->
  </suite> <!-- Suite -->
</testng-results>
